Warning: QPainter::begin: Paint device returned engine == 0, type: 1
Warning: QPainter::setPen: Painter not active
Warning: QPainter::setBrush: Painter not active
Warning: QPainter::setRenderHint: Painter must be active to set rendering hints
Warning: QPainter::setPen: Painter not active
Debug: "16:19:58 ..\..\src\propertyeditor.cpp:1508 EM: Set Notes" 
Debug: "16:19:59 ..\..\src\propertyeditor.cpp:1508 EM: Set Notes" 
Debug: "16:20:52 ..\..\src\propertyeditor.cpp:1865 GU: Set Notes" 
Debug: "16:22:08 ..\..\src\propertyeditor.cpp:1865 GU: Set Notes" 
Debug: "16:25:42 ..\..\src\propertyeditor.cpp:1865 GU: Set Notes" 
Debug: "16:25:48 ..\..\src\propertyeditor.cpp:8870 EU: Toggle Property Inclusion In Template" 
Debug: "16:27:01 ..\..\src\propertyeditor.cpp:1865 GU: Set Notes" 
Debug: "16:28:31 ..\..\src\propertyeditor.cpp:1865 GU: Set Notes" 
Debug: "16:28:37 ..\..\src\propertyeditor.cpp:1508 EM: Set Notes" 
Debug: "16:28:37 ..\..\src\propertyeditor.cpp:1508 EM: Set Notes" 
Debug: "16:28:38 ..\..\src\propertyeditor.cpp:1508 EM: Set Notes" 
Debug: "16:28:38 ..\..\src\propertyeditor.cpp:1508 EM: Set Notes" 
Debug: "16:28:38 ..\..\src\propertyeditor.cpp:1508 EM: Set Notes" 
Debug: "16:28:38 ..\..\src\propertyeditor.cpp:1508 EM: Set Notes" 
Debug: "16:28:38 ..\..\src\propertyeditor.cpp:1508 EM: Set Notes" 
Debug: "16:28:38 ..\..\src\propertyeditor.cpp:1508 EM: Set Notes" 
Debug: "16:28:38 ..\..\src\propertyeditor.cpp:1508 EM: Set Notes" 
Debug: "16:28:38 ..\..\src\propertyeditor.cpp:1508 EM: Set Notes" 
Debug: "16:28:39 ..\..\src\propertyeditor.cpp:1508 EM: Set Notes" 
Debug: "16:28:39 ..\..\src\propertyeditor.cpp:1508 EM: Set Notes" 
Debug: "16:28:39 ..\..\src\propertyeditor.cpp:1508 EM: Set Notes" 
Debug: "16:28:39 ..\..\src\propertyeditor.cpp:1508 EM: Set Notes" 
Debug: "16:28:39 ..\..\src\propertyeditor.cpp:1508 EM: Set Notes" 
Debug: "16:28:39 ..\..\src\propertyeditor.cpp:1508 EM: Set Notes" 
Debug: "16:28:39 ..\..\src\propertyeditor.cpp:1508 EM: Set Notes" 
Debug: "16:28:40 ..\..\src\propertyeditor.cpp:1508 EM: Set Notes" 
Debug: "16:28:40 ..\..\src\propertyeditor.cpp:1508 EM: Set Notes" 
Debug: "16:28:40 ..\..\src\propertyeditor.cpp:1508 EM: Set Notes" 
Debug: "16:28:40 ..\..\src\propertyeditor.cpp:1508 EM: Set Notes" 
Debug: "16:28:40 ..\..\src\propertyeditor.cpp:1508 EM: Set Notes" 
Debug: "16:28:40 ..\..\src\propertyeditor.cpp:1508 EM: Set Notes" 
Debug: "16:28:40 ..\..\src\propertyeditor.cpp:1508 EM: Set Notes" 
Debug: "16:28:40 ..\..\src\propertyeditor.cpp:1508 EM: Set Notes" 
Debug: "16:28:40 ..\..\src\propertyeditor.cpp:1508 EM: Set Notes" 
Debug: "16:28:41 ..\..\src\propertyeditor.cpp:1508 EM: Set Notes" 
Debug: "16:28:41 ..\..\src\propertyeditor.cpp:1508 EM: Set Notes" 
Debug: "16:28:41 ..\..\src\propertyeditor.cpp:1508 EM: Set Notes" 
Debug: "16:28:42 ..\..\src\propertyeditor.cpp:1508 EM: Set Notes" 
Debug: "16:28:42 ..\..\src\propertyeditor.cpp:1508 EM: Set Notes" 
Debug: "16:28:42 ..\..\src\propertyeditor.cpp:1508 EM: Set Notes" 
Debug: "16:28:42 ..\..\src\propertyeditor.cpp:1508 EM: Set Notes" 
Debug: "16:28:42 ..\..\src\propertyeditor.cpp:1508 EM: Set Notes" 
Debug: "16:28:42 ..\..\src\propertyeditor.cpp:1508 EM: Set Notes" 
Debug: "16:28:42 ..\..\src\propertyeditor.cpp:1508 EM: Set Notes" 
Debug: "16:28:42 ..\..\src\propertyeditor.cpp:1508 EM: Set Notes" 
Debug: "16:28:42 ..\..\src\propertyeditor.cpp:1508 EM: Set Notes" 
Debug: "16:28:43 ..\..\src\propertyeditor.cpp:1508 EM: Set Notes" 
Debug: "16:28:43 ..\..\src\propertyeditor.cpp:1508 EM: Set Notes" 
Debug: "16:28:43 ..\..\src\propertyeditor.cpp:1508 EM: Set Notes" 
Debug: "16:28:45 ..\..\src\propertyeditor.cpp:1508 EM: Set Notes" 
Debug: "16:28:47 ..\..\src\propertyeditor.cpp:1508 EM: Set Notes" 
Debug: "16:28:47 ..\..\src\propertyeditor.cpp:1508 EM: Set Notes" 
Debug: "16:28:48 ..\..\src\propertyeditor.cpp:1508 EM: Set Notes" 
Debug: "16:28:48 ..\..\src\propertyeditor.cpp:1508 EM: Set Notes" 
Debug: "16:28:48 ..\..\src\propertyeditor.cpp:1508 EM: Set Notes" 
Debug: "16:28:48 ..\..\src\propertyeditor.cpp:1508 EM: Set Notes" 
Debug: "16:28:48 ..\..\src\propertyeditor.cpp:1508 EM: Set Notes" 
Debug: "16:28:48 ..\..\src\propertyeditor.cpp:1508 EM: Set Notes" 
Debug: "16:28:48 ..\..\src\propertyeditor.cpp:1508 EM: Set Notes" 
Debug: "16:28:49 ..\..\src\propertyeditor.cpp:1508 EM: Set Notes" 
Debug: "16:28:49 ..\..\src\propertyeditor.cpp:1508 EM: Set Notes" 
Debug: "16:28:49 ..\..\src\propertyeditor.cpp:1508 EM: Set Notes" 
Debug: "16:28:49 ..\..\src\propertyeditor.cpp:1508 EM: Set Notes" 
Debug: "16:28:49 ..\..\src\propertyeditor.cpp:1508 EM: Set Notes" 
Debug: "16:28:49 ..\..\src\propertyeditor.cpp:1508 EM: Set Notes" 
Debug: "16:28:49 ..\..\src\propertyeditor.cpp:1508 EM: Set Notes" 
Debug: "16:28:50 ..\..\src\propertyeditor.cpp:1508 EM: Set Notes" 
Debug: "16:28:50 ..\..\src\propertyeditor.cpp:1508 EM: Set Notes" 
Debug: "16:28:50 ..\..\src\propertyeditor.cpp:1508 EM: Set Notes" 
Debug: "16:28:50 ..\..\src\propertyeditor.cpp:1508 EM: Set Notes" 
Debug: "16:28:50 ..\..\src\propertyeditor.cpp:1508 EM: Set Notes" 
Debug: "16:28:50 ..\..\src\propertyeditor.cpp:1508 EM: Set Notes" 
Debug: "16:28:50 ..\..\src\propertyeditor.cpp:1508 EM: Set Notes" 
Debug: "16:28:50 ..\..\src\propertyeditor.cpp:1508 EM: Set Notes" 
Debug: "16:28:50 ..\..\src\propertyeditor.cpp:1508 EM: Set Notes" 
Debug: "16:28:51 ..\..\src\propertyeditor.cpp:1508 EM: Set Notes" 
Debug: "16:28:51 ..\..\src\propertyeditor.cpp:1508 EM: Set Notes" 
Debug: "16:28:51 ..\..\src\propertyeditor.cpp:1508 EM: Set Notes" 
Debug: "16:28:51 ..\..\src\propertyeditor.cpp:1508 EM: Set Notes" 
Debug: "16:28:51 ..\..\src\propertyeditor.cpp:1508 EM: Set Notes" 
Debug: "16:28:51 ..\..\src\propertyeditor.cpp:1508 EM: Set Notes" 
Debug: "16:28:51 ..\..\src\propertyeditor.cpp:1508 EM: Set Notes" 
Debug: "16:28:52 ..\..\src\propertyeditor.cpp:1508 EM: Set Notes" 
Debug: "16:28:52 ..\..\src\propertyeditor.cpp:1508 EM: Set Notes" 
Debug: "16:28:52 ..\..\src\propertyeditor.cpp:1508 EM: Set Notes" 
Debug: "16:28:52 ..\..\src\propertyeditor.cpp:1508 EM: Set Notes" 
Debug: "16:28:53 ..\..\src\propertyeditor.cpp:1508 EM: Set Notes" 
Debug: "16:28:53 ..\..\src\propertyeditor.cpp:1508 EM: Set Notes" 
Debug: "16:28:53 ..\..\src\propertyeditor.cpp:1508 EM: Set Notes" 
Debug: "16:28:53 ..\..\src\propertyeditor.cpp:1508 EM: Set Notes" 
Debug: "16:28:53 ..\..\src\propertyeditor.cpp:1508 EM: Set Notes" 
Debug: "16:28:53 ..\..\src\propertyeditor.cpp:1508 EM: Set Notes" 
Debug: "16:28:53 ..\..\src\propertyeditor.cpp:1508 EM: Set Notes" 
Debug: "16:28:53 ..\..\src\propertyeditor.cpp:1508 EM: Set Notes" 
Debug: "16:28:53 ..\..\src\propertyeditor.cpp:1508 EM: Set Notes" 
Debug: "16:28:54 ..\..\src\propertyeditor.cpp:1508 EM: Set Notes" 
Debug: "16:28:54 ..\..\src\propertyeditor.cpp:1508 EM: Set Notes" 
Debug: "16:28:54 ..\..\src\propertyeditor.cpp:1508 EM: Set Notes" 
Debug: "16:28:54 ..\..\src\propertyeditor.cpp:1508 EM: Set Notes" 
Debug: "16:28:54 ..\..\src\propertyeditor.cpp:1508 EM: Set Notes" 
Debug: "16:28:55 ..\..\src\propertyeditor.cpp:1508 EM: Set Notes" 
Debug: "16:28:56 ..\..\src\propertyeditor.cpp:1508 EM: Set Notes" 
Debug: "16:28:56 ..\..\src\propertyeditor.cpp:1508 EM: Set Notes" 
Debug: "16:28:56 ..\..\src\propertyeditor.cpp:1508 EM: Set Notes" 
Debug: "16:28:57 ..\..\src\propertyeditor.cpp:1508 EM: Set Notes" 
Debug: "16:28:57 ..\..\src\propertyeditor.cpp:1508 EM: Set Notes" 
Debug: "16:28:57 ..\..\src\propertyeditor.cpp:1508 EM: Set Notes" 
Debug: "16:28:57 ..\..\src\propertyeditor.cpp:1508 EM: Set Notes" 
Debug: "16:28:57 ..\..\src\propertyeditor.cpp:1508 EM: Set Notes" 
Debug: "16:28:57 ..\..\src\propertyeditor.cpp:1508 EM: Set Notes" 
Debug: "16:28:57 ..\..\src\propertyeditor.cpp:1508 EM: Set Notes" 
Debug: "16:28:58 ..\..\src\propertyeditor.cpp:1508 EM: Set Notes" 
Debug: "16:28:58 ..\..\src\propertyeditor.cpp:1508 EM: Set Notes" 
Debug: "16:28:58 ..\..\src\propertyeditor.cpp:1508 EM: Set Notes" 
Debug: "16:29:00 ..\..\src\propertyeditor.cpp:1508 EM: Set Notes" 
Debug: "16:29:05 ..\..\src\propertyeditor.cpp:1508 EM: Set Notes" 
Debug: "16:29:05 ..\..\src\propertyeditor.cpp:1508 EM: Set Notes" 
Debug: "16:29:05 ..\..\src\propertyeditor.cpp:1508 EM: Set Notes" 
Debug: "16:29:05 ..\..\src\propertyeditor.cpp:1508 EM: Set Notes" 
Debug: "16:29:06 ..\..\src\propertyeditor.cpp:1508 EM: Set Notes" 
Debug: "16:29:06 ..\..\src\propertyeditor.cpp:1508 EM: Set Notes" 
Debug: "16:29:06 ..\..\src\propertyeditor.cpp:1508 EM: Set Notes" 
Debug: "16:29:06 ..\..\src\propertyeditor.cpp:1508 EM: Set Notes" 
Debug: "16:29:06 ..\..\src\propertyeditor.cpp:1508 EM: Set Notes" 
Debug: "16:29:06 ..\..\src\propertyeditor.cpp:1508 EM: Set Notes" 
Debug: "16:29:07 ..\..\src\propertyeditor.cpp:1508 EM: Set Notes" 
Debug: "16:29:07 ..\..\src\propertyeditor.cpp:1508 EM: Set Notes" 
Debug: "16:29:07 ..\..\src\propertyeditor.cpp:1508 EM: Set Notes" 
Debug: "16:29:07 ..\..\src\propertyeditor.cpp:1508 EM: Set Notes" 
Debug: "16:29:07 ..\..\src\propertyeditor.cpp:1508 EM: Set Notes" 
Debug: "16:29:07 ..\..\src\propertyeditor.cpp:1508 EM: Set Notes" 
Debug: "16:29:07 ..\..\src\propertyeditor.cpp:1508 EM: Set Notes" 
Debug: "16:29:07 ..\..\src\propertyeditor.cpp:1508 EM: Set Notes" 
Debug: "16:29:07 ..\..\src\propertyeditor.cpp:1508 EM: Set Notes" 
Debug: "16:29:08 ..\..\src\propertyeditor.cpp:1508 EM: Set Notes" 
Debug: "16:29:08 ..\..\src\propertyeditor.cpp:1508 EM: Set Notes" 
Debug: "16:29:08 ..\..\src\propertyeditor.cpp:1508 EM: Set Notes" 
Debug: "16:29:08 ..\..\src\propertyeditor.cpp:1508 EM: Set Notes" 
Debug: "16:29:08 ..\..\src\propertyeditor.cpp:1508 EM: Set Notes" 
Debug: "16:29:08 ..\..\src\propertyeditor.cpp:1508 EM: Set Notes" 
Debug: "16:29:09 ..\..\src\propertyeditor.cpp:1508 EM: Set Notes" 
Debug: "16:29:09 ..\..\src\propertyeditor.cpp:1508 EM: Set Notes" 
Debug: "16:29:09 ..\..\src\propertyeditor.cpp:1508 EM: Set Notes" 
Debug: "16:29:09 ..\..\src\propertyeditor.cpp:1508 EM: Set Notes" 
Debug: "16:29:09 ..\..\src\propertyeditor.cpp:1508 EM: Set Notes" 
Debug: "16:29:09 ..\..\src\propertyeditor.cpp:1508 EM: Set Notes" 
Debug: "16:29:09 ..\..\src\propertyeditor.cpp:1508 EM: Set Notes" 
Debug: "16:29:09 ..\..\src\propertyeditor.cpp:1508 EM: Set Notes" 
Debug: "16:29:09 ..\..\src\propertyeditor.cpp:1508 EM: Set Notes" 
Debug: "16:29:09 ..\..\src\propertyeditor.cpp:1508 EM: Set Notes" 
Debug: "16:29:10 ..\..\src\propertyeditor.cpp:1508 EM: Set Notes" 
Debug: "16:29:10 ..\..\src\propertyeditor.cpp:1508 EM: Set Notes" 
Debug: "16:29:10 ..\..\src\propertyeditor.cpp:1508 EM: Set Notes" 
Debug: "16:29:10 ..\..\src\propertyeditor.cpp:1508 EM: Set Notes" 
Debug: "16:29:10 ..\..\src\propertyeditor.cpp:1508 EM: Set Notes" 
Debug: "16:29:10 ..\..\src\propertyeditor.cpp:1508 EM: Set Notes" 
Debug: "16:29:10 ..\..\src\propertyeditor.cpp:1508 EM: Set Notes" 
Debug: "16:29:24 ..\..\src\propertyeditor.cpp:1508 EM: Set Notes" 
Debug: "16:29:25 ..\..\src\propertyeditor.cpp:1508 EM: Set Notes" 
Debug: "16:29:25 ..\..\src\propertyeditor.cpp:1508 EM: Set Notes" 
Debug: "16:29:25 ..\..\src\propertyeditor.cpp:1508 EM: Set Notes" 
Debug: "16:29:25 ..\..\src\propertyeditor.cpp:1508 EM: Set Notes" 
Debug: "16:29:25 ..\..\src\propertyeditor.cpp:1508 EM: Set Notes" 
Debug: "16:29:25 ..\..\src\propertyeditor.cpp:1508 EM: Set Notes" 
Debug: "16:29:25 ..\..\src\propertyeditor.cpp:1508 EM: Set Notes" 
Debug: "16:29:25 ..\..\src\propertyeditor.cpp:1508 EM: Set Notes" 
Debug: "16:29:25 ..\..\src\propertyeditor.cpp:1508 EM: Set Notes" 
Debug: "16:29:26 ..\..\src\propertyeditor.cpp:1508 EM: Set Notes" 
Debug: "16:29:26 ..\..\src\propertyeditor.cpp:1508 EM: Set Notes" 
Debug: "16:29:27 ..\..\src\propertyeditor.cpp:1508 EM: Set Notes" 
Debug: "16:29:28 ..\..\src\propertyeditor.cpp:1508 EM: Set Notes" 
Debug: "16:29:28 ..\..\src\propertyeditor.cpp:1508 EM: Set Notes" 
Debug: "16:29:28 ..\..\src\propertyeditor.cpp:1508 EM: Set Notes" 
Debug: "16:29:28 ..\..\src\propertyeditor.cpp:1508 EM: Set Notes" 
Debug: "16:29:29 ..\..\src\propertyeditor.cpp:1508 EM: Set Notes" 
Debug: "16:29:29 ..\..\src\propertyeditor.cpp:1508 EM: Set Notes" 
Debug: "16:29:29 ..\..\src\propertyeditor.cpp:1508 EM: Set Notes" 
Debug: "16:29:29 ..\..\src\propertyeditor.cpp:1508 EM: Set Notes" 
Debug: "16:29:29 ..\..\src\propertyeditor.cpp:1508 EM: Set Notes" 
Debug: "16:29:29 ..\..\src\propertyeditor.cpp:1508 EM: Set Notes" 
Debug: "16:29:29 ..\..\src\propertyeditor.cpp:1508 EM: Set Notes" 
Debug: "16:29:29 ..\..\src\propertyeditor.cpp:1508 EM: Set Notes" 
Debug: "16:29:30 ..\..\src\propertyeditor.cpp:1508 EM: Set Notes" 
Debug: "16:29:30 ..\..\src\propertyeditor.cpp:1508 EM: Set Notes" 
Debug: "16:29:30 ..\..\src\propertyeditor.cpp:1508 EM: Set Notes" 
Debug: "16:29:30 ..\..\src\propertyeditor.cpp:1508 EM: Set Notes" 
Debug: "16:29:30 ..\..\src\propertyeditor.cpp:1508 EM: Set Notes" 
Debug: "16:29:30 ..\..\src\propertyeditor.cpp:1508 EM: Set Notes" 
Debug: "16:29:30 ..\..\src\propertyeditor.cpp:1508 EM: Set Notes" 
Debug: "16:29:31 ..\..\src\propertyeditor.cpp:1508 EM: Set Notes" 
Debug: "16:29:31 ..\..\src\propertyeditor.cpp:1508 EM: Set Notes" 
Debug: "16:29:33 ..\..\src\propertyeditor.cpp:1508 EM: Set Notes" 
Debug: "16:29:35 ..\..\src\propertyeditor.cpp:1508 EM: Set Notes" 
Debug: "16:29:35 ..\..\src\propertyeditor.cpp:1508 EM: Set Notes" 
Debug: "16:29:35 ..\..\src\propertyeditor.cpp:1508 EM: Set Notes" 
Debug: "16:29:35 ..\..\src\propertyeditor.cpp:1508 EM: Set Notes" 
Debug: "16:29:35 ..\..\src\propertyeditor.cpp:1508 EM: Set Notes" 
Debug: "16:29:35 ..\..\src\propertyeditor.cpp:1508 EM: Set Notes" 
Debug: "16:29:35 ..\..\src\propertyeditor.cpp:1508 EM: Set Notes" 
Debug: "16:29:35 ..\..\src\propertyeditor.cpp:1508 EM: Set Notes" 
Debug: "16:29:35 ..\..\src\propertyeditor.cpp:1508 EM: Set Notes" 
Debug: "16:29:36 ..\..\src\propertyeditor.cpp:1508 EM: Set Notes" 
Debug: "16:29:36 ..\..\src\propertyeditor.cpp:1508 EM: Set Notes" 
Debug: "16:29:36 ..\..\src\propertyeditor.cpp:1508 EM: Set Notes" 
Debug: "16:29:36 ..\..\src\propertyeditor.cpp:1508 EM: Set Notes" 
Debug: "16:29:36 ..\..\src\propertyeditor.cpp:1508 EM: Set Notes" 
Debug: "16:29:36 ..\..\src\propertyeditor.cpp:1508 EM: Set Notes" 
Debug: "16:29:36 ..\..\src\propertyeditor.cpp:1508 EM: Set Notes" 
Debug: "16:29:36 ..\..\src\propertyeditor.cpp:1508 EM: Set Notes" 
Debug: "16:29:36 ..\..\src\propertyeditor.cpp:1508 EM: Set Notes" 
Debug: "16:29:36 ..\..\src\propertyeditor.cpp:1508 EM: Set Notes" 
Debug: "16:29:36 ..\..\src\propertyeditor.cpp:1508 EM: Set Notes" 
Debug: "16:29:36 ..\..\src\propertyeditor.cpp:1508 EM: Set Notes" 
Debug: "16:29:36 ..\..\src\propertyeditor.cpp:1508 EM: Set Notes" 
Debug: "16:29:36 ..\..\src\propertyeditor.cpp:1508 EM: Set Notes" 
Debug: "16:29:36 ..\..\src\propertyeditor.cpp:1508 EM: Set Notes" 
Debug: "16:29:36 ..\..\src\propertyeditor.cpp:1508 EM: Set Notes" 
Debug: "16:29:36 ..\..\src\propertyeditor.cpp:1508 EM: Set Notes" 
Debug: "16:29:36 ..\..\src\propertyeditor.cpp:1508 EM: Set Notes" 
Debug: "16:29:36 ..\..\src\propertyeditor.cpp:1508 EM: Set Notes" 
Debug: "16:29:36 ..\..\src\propertyeditor.cpp:1508 EM: Set Notes" 
Debug: "16:29:36 ..\..\src\propertyeditor.cpp:1508 EM: Set Notes" 
Debug: "16:29:36 ..\..\src\propertyeditor.cpp:1508 EM: Set Notes" 
Debug: "16:29:37 ..\..\src\propertyeditor.cpp:1508 EM: Set Notes" 
Debug: "16:29:37 ..\..\src\propertyeditor.cpp:1508 EM: Set Notes" 
Debug: "16:29:37 ..\..\src\propertyeditor.cpp:1508 EM: Set Notes" 
Debug: "16:29:37 ..\..\src\propertyeditor.cpp:1508 EM: Set Notes" 
Debug: "16:29:37 ..\..\src\propertyeditor.cpp:1508 EM: Set Notes" 
Debug: "16:29:37 ..\..\src\propertyeditor.cpp:1508 EM: Set Notes" 
Debug: "16:29:37 ..\..\src\propertyeditor.cpp:1508 EM: Set Notes" 
Debug: "16:29:38 ..\..\src\propertyeditor.cpp:1508 EM: Set Notes" 
Debug: "16:29:38 ..\..\src\propertyeditor.cpp:1508 EM: Set Notes" 
Debug: "16:29:38 ..\..\src\propertyeditor.cpp:1508 EM: Set Notes" 
Debug: "16:29:38 ..\..\src\propertyeditor.cpp:1508 EM: Set Notes" 
Debug: "16:29:39 ..\..\src\propertyeditor.cpp:1508 EM: Set Notes" 
Debug: "16:29:39 ..\..\src\propertyeditor.cpp:1508 EM: Set Notes" 
Debug: "16:29:39 ..\..\src\propertyeditor.cpp:1508 EM: Set Notes" 
Debug: "16:29:39 ..\..\src\propertyeditor.cpp:1508 EM: Set Notes" 
Debug: "16:29:40 ..\..\src\propertyeditor.cpp:1508 EM: Set Notes" 
Debug: "16:29:40 ..\..\src\propertyeditor.cpp:1508 EM: Set Notes" 
Debug: "16:29:40 ..\..\src\propertyeditor.cpp:1508 EM: Set Notes" 
Debug: "16:29:41 ..\..\src\propertyeditor.cpp:1508 EM: Set Notes" 
Debug: "16:29:41 ..\..\src\propertyeditor.cpp:1508 EM: Set Notes" 
Debug: "16:29:41 ..\..\src\propertyeditor.cpp:1508 EM: Set Notes" 
Debug: "16:29:41 ..\..\src\propertyeditor.cpp:1508 EM: Set Notes" 
Debug: "16:29:41 ..\..\src\propertyeditor.cpp:1508 EM: Set Notes" 
Debug: "16:29:41 ..\..\src\propertyeditor.cpp:1508 EM: Set Notes" 
Debug: "16:29:41 ..\..\src\propertyeditor.cpp:1508 EM: Set Notes" 
Debug: "16:29:41 ..\..\src\propertyeditor.cpp:1508 EM: Set Notes" 
Debug: "16:29:42 ..\..\src\propertyeditor.cpp:1508 EM: Set Notes" 
Debug: "16:29:42 ..\..\src\propertyeditor.cpp:1508 EM: Set Notes" 
Debug: "16:30:05 ..\..\src\propertyeditor.cpp:1508 EM: Set Notes" 
Debug: "16:30:06 ..\..\src\propertyeditor.cpp:1508 EM: Set Notes" 
Debug: "16:30:06 ..\..\src\propertyeditor.cpp:1508 EM: Set Notes" 
Debug: "16:30:06 ..\..\src\propertyeditor.cpp:1508 EM: Set Notes" 
Debug: "16:30:06 ..\..\src\propertyeditor.cpp:1508 EM: Set Notes" 
Debug: "16:30:06 ..\..\src\propertyeditor.cpp:1508 EM: Set Notes" 
Debug: "16:30:06 ..\..\src\propertyeditor.cpp:1508 EM: Set Notes" 
Debug: "16:30:06 ..\..\src\propertyeditor.cpp:1508 EM: Set Notes" 
Debug: "16:30:06 ..\..\src\propertyeditor.cpp:1508 EM: Set Notes" 
Debug: "16:30:06 ..\..\src\propertyeditor.cpp:1508 EM: Set Notes" 
Debug: "16:30:07 ..\..\src\propertyeditor.cpp:1508 EM: Set Notes" 
Debug: "16:30:07 ..\..\src\propertyeditor.cpp:1508 EM: Set Notes" 
Debug: "16:30:10 ..\..\src\propertyeditor.cpp:1508 EM: Set Notes" 
Debug: "16:30:11 ..\..\src\propertyeditor.cpp:1508 EM: Set Notes" 
Debug: "16:30:11 ..\..\src\propertyeditor.cpp:1508 EM: Set Notes" 
Debug: "16:30:11 ..\..\src\propertyeditor.cpp:1508 EM: Set Notes" 
Debug: "16:30:11 ..\..\src\propertyeditor.cpp:1508 EM: Set Notes" 
Debug: "16:30:11 ..\..\src\propertyeditor.cpp:1508 EM: Set Notes" 
Debug: "16:30:11 ..\..\src\propertyeditor.cpp:1508 EM: Set Notes" 
Debug: "16:30:12 ..\..\src\propertyeditor.cpp:1508 EM: Set Notes" 
Debug: "16:30:12 ..\..\src\propertyeditor.cpp:1508 EM: Set Notes" 
Debug: "16:30:12 ..\..\src\propertyeditor.cpp:1508 EM: Set Notes" 
Debug: "16:30:12 ..\..\src\propertyeditor.cpp:1508 EM: Set Notes" 
Debug: "16:30:12 ..\..\src\propertyeditor.cpp:1508 EM: Set Notes" 
Debug: "16:30:12 ..\..\src\propertyeditor.cpp:1508 EM: Set Notes" 
Debug: "16:30:12 ..\..\src\propertyeditor.cpp:1508 EM: Set Notes" 
Debug: "16:30:12 ..\..\src\propertyeditor.cpp:1508 EM: Set Notes" 
Debug: "16:30:12 ..\..\src\propertyeditor.cpp:1508 EM: Set Notes" 
Debug: "16:30:12 ..\..\src\propertyeditor.cpp:1508 EM: Set Notes" 
Debug: "16:30:12 ..\..\src\propertyeditor.cpp:1508 EM: Set Notes" 
Debug: "16:30:12 ..\..\src\propertyeditor.cpp:1508 EM: Set Notes" 
Debug: "16:30:12 ..\..\src\propertyeditor.cpp:1508 EM: Set Notes" 
Debug: "16:30:12 ..\..\src\propertyeditor.cpp:1508 EM: Set Notes" 
Debug: "16:30:13 ..\..\src\propertyeditor.cpp:1508 EM: Set Notes" 
Debug: "16:30:13 ..\..\src\propertyeditor.cpp:1508 EM: Set Notes" 
Debug: "16:30:13 ..\..\src\propertyeditor.cpp:1508 EM: Set Notes" 
Debug: "16:30:13 ..\..\src\propertyeditor.cpp:1508 EM: Set Notes" 
Debug: "16:30:13 ..\..\src\propertyeditor.cpp:1508 EM: Set Notes" 
Debug: "16:30:13 ..\..\src\propertyeditor.cpp:1508 EM: Set Notes" 
Debug: "16:30:13 ..\..\src\propertyeditor.cpp:1508 EM: Set Notes" 
Debug: "16:30:13 ..\..\src\propertyeditor.cpp:1508 EM: Set Notes" 
Debug: "16:30:13 ..\..\src\propertyeditor.cpp:1508 EM: Set Notes" 
Debug: "16:30:13 ..\..\src\propertyeditor.cpp:1508 EM: Set Notes" 
Debug: "16:30:13 ..\..\src\propertyeditor.cpp:1508 EM: Set Notes" 
Debug: "16:30:13 ..\..\src\propertyeditor.cpp:1508 EM: Set Notes" 
Debug: "16:30:13 ..\..\src\propertyeditor.cpp:1508 EM: Set Notes" 
Debug: "16:30:42 ..\..\src\propertyeditor.cpp:1508 EM: Set Notes" 
Debug: "16:30:42 ..\..\src\propertyeditor.cpp:1508 EM: Set Notes" 
Debug: "16:30:42 ..\..\src\propertyeditor.cpp:1508 EM: Set Notes" 
Debug: "16:30:42 ..\..\src\propertyeditor.cpp:1508 EM: Set Notes" 
Debug: "16:30:42 ..\..\src\propertyeditor.cpp:1508 EM: Set Notes" 
Debug: "16:30:44 ..\..\src\propertyeditor.cpp:1508 EM: Set Notes" 
Debug: "16:30:44 ..\..\src\propertyeditor.cpp:1508 EM: Set Notes" 
Debug: "16:30:44 ..\..\src\propertyeditor.cpp:1508 EM: Set Notes" 
Debug: "16:30:44 ..\..\src\propertyeditor.cpp:1508 EM: Set Notes" 
Debug: "16:30:44 ..\..\src\propertyeditor.cpp:1508 EM: Set Notes" 
Debug: "16:30:45 ..\..\src\propertyeditor.cpp:1508 EM: Set Notes" 
Debug: "16:30:45 ..\..\src\propertyeditor.cpp:1508 EM: Set Notes" 
Debug: "16:30:45 ..\..\src\propertyeditor.cpp:1508 EM: Set Notes" 
Debug: "16:30:45 ..\..\src\propertyeditor.cpp:1508 EM: Set Notes" 
Debug: "16:30:45 ..\..\src\propertyeditor.cpp:1508 EM: Set Notes" 
Debug: "16:30:45 ..\..\src\propertyeditor.cpp:1508 EM: Set Notes" 
Debug: "16:30:45 ..\..\src\propertyeditor.cpp:1508 EM: Set Notes" 
Debug: "16:30:46 ..\..\src\propertyeditor.cpp:1508 EM: Set Notes" 
Debug: "16:30:46 ..\..\src\propertyeditor.cpp:1508 EM: Set Notes" 
Debug: "16:30:46 ..\..\src\propertyeditor.cpp:1508 EM: Set Notes" 
Debug: "16:30:46 ..\..\src\propertyeditor.cpp:1508 EM: Set Notes" 
Debug: "16:30:47 ..\..\src\propertyeditor.cpp:1508 EM: Set Notes" 
Debug: "16:30:48 ..\..\src\propertyeditor.cpp:1508 EM: Set Notes" 
Debug: "16:30:48 ..\..\src\propertyeditor.cpp:1508 EM: Set Notes" 
Debug: "16:30:49 ..\..\src\propertyeditor.cpp:1508 EM: Set Notes" 
Debug: "16:30:49 ..\..\src\propertyeditor.cpp:1508 EM: Set Notes" 
Debug: "16:30:49 ..\..\src\propertyeditor.cpp:1508 EM: Set Notes" 
Debug: "16:30:49 ..\..\src\propertyeditor.cpp:1508 EM: Set Notes" 
Debug: "16:30:49 ..\..\src\propertyeditor.cpp:1508 EM: Set Notes" 
Debug: "16:30:50 ..\..\src\propertyeditor.cpp:1508 EM: Set Notes" 
Debug: "16:30:50 ..\..\src\propertyeditor.cpp:1508 EM: Set Notes" 
Debug: "16:30:50 ..\..\src\propertyeditor.cpp:1508 EM: Set Notes" 
Debug: "16:30:50 ..\..\src\propertyeditor.cpp:1508 EM: Set Notes" 
Debug: "16:30:50 ..\..\src\propertyeditor.cpp:1508 EM: Set Notes" 
Debug: "16:30:50 ..\..\src\propertyeditor.cpp:1508 EM: Set Notes" 
Debug: "16:30:50 ..\..\src\propertyeditor.cpp:1508 EM: Set Notes" 
Debug: "16:30:51 ..\..\src\propertyeditor.cpp:1508 EM: Set Notes" 
Debug: "16:30:51 ..\..\src\propertyeditor.cpp:1508 EM: Set Notes" 
Debug: "16:30:51 ..\..\src\propertyeditor.cpp:1508 EM: Set Notes" 
Debug: "16:30:52 ..\..\src\propertyeditor.cpp:1508 EM: Set Notes" 
Debug: "16:30:52 ..\..\src\propertyeditor.cpp:1508 EM: Set Notes" 
Debug: "16:30:52 ..\..\src\propertyeditor.cpp:1508 EM: Set Notes" 
Debug: "16:30:52 ..\..\src\propertyeditor.cpp:1508 EM: Set Notes" 
Debug: "16:30:52 ..\..\src\propertyeditor.cpp:1508 EM: Set Notes" 
Debug: "16:30:53 ..\..\src\propertyeditor.cpp:1508 EM: Set Notes" 
Debug: "16:30:53 ..\..\src\propertyeditor.cpp:1508 EM: Set Notes" 
Debug: "16:30:53 ..\..\src\propertyeditor.cpp:1508 EM: Set Notes" 
Debug: "16:30:53 ..\..\src\propertyeditor.cpp:1508 EM: Set Notes" 
Debug: "16:30:53 ..\..\src\propertyeditor.cpp:1508 EM: Set Notes" 
Debug: "16:30:53 ..\..\src\propertyeditor.cpp:1508 EM: Set Notes" 
Debug: "16:30:54 ..\..\src\propertyeditor.cpp:1508 EM: Set Notes" 
Debug: "16:30:54 ..\..\src\propertyeditor.cpp:1508 EM: Set Notes" 
Debug: "16:31:05 ..\..\src\propertyeditor.cpp:1508 EM: Set Notes" 
Debug: "16:31:05 ..\..\src\propertyeditor.cpp:1508 EM: Set Notes" 
Debug: "16:31:05 ..\..\src\propertyeditor.cpp:1508 EM: Set Notes" 
Debug: "16:31:05 ..\..\src\propertyeditor.cpp:1508 EM: Set Notes" 
Debug: "16:31:06 ..\..\src\propertyeditor.cpp:1508 EM: Set Notes" 
Debug: "16:31:06 ..\..\src\propertyeditor.cpp:1508 EM: Set Notes" 
Debug: "16:31:06 ..\..\src\propertyeditor.cpp:1508 EM: Set Notes" 
Debug: "16:31:06 ..\..\src\propertyeditor.cpp:1508 EM: Set Notes" 
Debug: "16:31:07 ..\..\src\propertyeditor.cpp:1508 EM: Set Notes" 
Debug: "16:31:07 ..\..\src\propertyeditor.cpp:1508 EM: Set Notes" 
Debug: "16:31:07 ..\..\src\propertyeditor.cpp:1508 EM: Set Notes" 
Debug: "16:31:07 ..\..\src\propertyeditor.cpp:1508 EM: Set Notes" 
Debug: "16:31:07 ..\..\src\propertyeditor.cpp:1508 EM: Set Notes" 
Debug: "16:31:07 ..\..\src\propertyeditor.cpp:1508 EM: Set Notes" 
Debug: "16:31:07 ..\..\src\propertyeditor.cpp:1508 EM: Set Notes" 
Debug: "16:31:07 ..\..\src\propertyeditor.cpp:1508 EM: Set Notes" 
Debug: "16:31:07 ..\..\src\propertyeditor.cpp:1508 EM: Set Notes" 
Debug: "16:31:08 ..\..\src\propertyeditor.cpp:1508 EM: Set Notes" 
Debug: "16:31:08 ..\..\src\propertyeditor.cpp:1508 EM: Set Notes" 
Debug: "16:31:09 ..\..\src\propertyeditor.cpp:1508 EM: Set Notes" 
Debug: "16:31:14 ..\..\src\propertyeditor.cpp:1508 EM: Set Notes" 
Debug: "16:31:14 ..\..\src\propertyeditor.cpp:1508 EM: Set Notes" 
Debug: "16:31:15 ..\..\src\propertyeditor.cpp:1508 EM: Set Notes" 
Debug: "16:31:15 ..\..\src\propertyeditor.cpp:1508 EM: Set Notes" 
Debug: "16:31:15 ..\..\src\propertyeditor.cpp:1508 EM: Set Notes" 
Debug: "16:31:15 ..\..\src\propertyeditor.cpp:1508 EM: Set Notes" 
Debug: "16:31:16 ..\..\src\propertyeditor.cpp:1508 EM: Set Notes" 
Debug: "16:31:16 ..\..\src\propertyeditor.cpp:1508 EM: Set Notes" 
Debug: "16:31:17 ..\..\src\propertyeditor.cpp:1508 EM: Set Notes" 
Debug: "16:31:17 ..\..\src\propertyeditor.cpp:1508 EM: Set Notes" 
Debug: "16:31:18 ..\..\src\propertyeditor.cpp:1508 EM: Set Notes" 
Debug: "16:31:18 ..\..\src\propertyeditor.cpp:1508 EM: Set Notes" 
Debug: "16:31:18 ..\..\src\propertyeditor.cpp:1508 EM: Set Notes" 
Debug: "16:31:18 ..\..\src\propertyeditor.cpp:1508 EM: Set Notes" 
Debug: "16:31:18 ..\..\src\propertyeditor.cpp:1508 EM: Set Notes" 
Debug: "16:31:18 ..\..\src\propertyeditor.cpp:1508 EM: Set Notes" 
Debug: "16:31:18 ..\..\src\propertyeditor.cpp:1508 EM: Set Notes" 
Debug: "16:31:18 ..\..\src\propertyeditor.cpp:1508 EM: Set Notes" 
Debug: "16:31:18 ..\..\src\propertyeditor.cpp:1508 EM: Set Notes" 
Debug: "16:31:19 ..\..\src\propertyeditor.cpp:1508 EM: Set Notes" 
Debug: "16:31:19 ..\..\src\propertyeditor.cpp:1508 EM: Set Notes" 
Debug: "16:31:19 ..\..\src\propertyeditor.cpp:1508 EM: Set Notes" 
Debug: "16:31:19 ..\..\src\propertyeditor.cpp:1508 EM: Set Notes" 
Debug: "16:31:20 ..\..\src\propertyeditor.cpp:1508 EM: Set Notes" 
Debug: "16:31:20 ..\..\src\propertyeditor.cpp:1508 EM: Set Notes" 
Debug: "16:31:20 ..\..\src\propertyeditor.cpp:1508 EM: Set Notes" 
Debug: "16:31:20 ..\..\src\propertyeditor.cpp:1508 EM: Set Notes" 
Debug: "16:31:20 ..\..\src\propertyeditor.cpp:1508 EM: Set Notes" 
Debug: "16:31:20 ..\..\src\propertyeditor.cpp:1508 EM: Set Notes" 
Debug: "16:31:20 ..\..\src\propertyeditor.cpp:1508 EM: Set Notes" 
Debug: "16:31:20 ..\..\src\propertyeditor.cpp:1508 EM: Set Notes" 
Debug: "16:31:20 ..\..\src\propertyeditor.cpp:1508 EM: Set Notes" 
Debug: "16:31:20 ..\..\src\propertyeditor.cpp:1508 EM: Set Notes" 
Debug: "16:31:21 ..\..\src\propertyeditor.cpp:1508 EM: Set Notes" 
Debug: "16:31:21 ..\..\src\propertyeditor.cpp:1508 EM: Set Notes" 
Debug: "16:31:21 ..\..\src\propertyeditor.cpp:1508 EM: Set Notes" 
Debug: "16:31:21 ..\..\src\propertyeditor.cpp:1508 EM: Set Notes" 
Debug: "16:31:21 ..\..\src\propertyeditor.cpp:1508 EM: Set Notes" 
Debug: "16:31:21 ..\..\src\propertyeditor.cpp:1508 EM: Set Notes" 
Debug: "16:31:22 ..\..\src\propertyeditor.cpp:1508 EM: Set Notes" 
Debug: "16:31:23 ..\..\src\propertyeditor.cpp:1508 EM: Set Notes" 
Debug: "16:31:24 ..\..\src\propertyeditor.cpp:1508 EM: Set Notes" 
Debug: "16:31:24 ..\..\src\propertyeditor.cpp:1508 EM: Set Notes" 
Debug: "16:31:24 ..\..\src\propertyeditor.cpp:1508 EM: Set Notes" 
Debug: "16:31:24 ..\..\src\propertyeditor.cpp:1508 EM: Set Notes" 
Debug: "16:31:24 ..\..\src\propertyeditor.cpp:1508 EM: Set Notes" 
Debug: "16:31:24 ..\..\src\propertyeditor.cpp:1508 EM: Set Notes" 
Debug: "16:31:24 ..\..\src\propertyeditor.cpp:1508 EM: Set Notes" 
Debug: "16:31:24 ..\..\src\propertyeditor.cpp:1508 EM: Set Notes" 
Debug: "16:31:26 ..\..\src\propertyeditor.cpp:1508 EM: Set Notes" 
Debug: "16:31:26 ..\..\src\propertyeditor.cpp:1508 EM: Set Notes" 
Debug: "16:31:27 ..\..\src\propertyeditor.cpp:1508 EM: Set Notes" 
Debug: "16:31:27 ..\..\src\propertyeditor.cpp:1508 EM: Set Notes" 
Debug: "16:31:27 ..\..\src\propertyeditor.cpp:1508 EM: Set Notes" 
Debug: "16:31:27 ..\..\src\propertyeditor.cpp:1508 EM: Set Notes" 
Debug: "16:31:27 ..\..\src\propertyeditor.cpp:1508 EM: Set Notes" 
Debug: "16:31:27 ..\..\src\propertyeditor.cpp:1508 EM: Set Notes" 
Debug: "16:31:28 ..\..\src\propertyeditor.cpp:1508 EM: Set Notes" 
Debug: "16:31:28 ..\..\src\propertyeditor.cpp:1508 EM: Set Notes" 
Debug: "16:31:28 ..\..\src\propertyeditor.cpp:1508 EM: Set Notes" 
Debug: "16:31:28 ..\..\src\propertyeditor.cpp:1508 EM: Set Notes" 
Debug: "16:31:28 ..\..\src\propertyeditor.cpp:1508 EM: Set Notes" 
Debug: "16:31:28 ..\..\src\propertyeditor.cpp:1508 EM: Set Notes" 
Debug: "16:31:28 ..\..\src\propertyeditor.cpp:1508 EM: Set Notes" 
Debug: "16:31:28 ..\..\src\propertyeditor.cpp:1508 EM: Set Notes" 
Debug: "16:31:28 ..\..\src\propertyeditor.cpp:1508 EM: Set Notes" 
Debug: "16:31:29 ..\..\src\propertyeditor.cpp:1508 EM: Set Notes" 
Debug: "16:31:29 ..\..\src\propertyeditor.cpp:1508 EM: Set Notes" 
Debug: "16:31:29 ..\..\src\propertyeditor.cpp:1508 EM: Set Notes" 
Debug: "16:31:29 ..\..\src\propertyeditor.cpp:1508 EM: Set Notes" 
Debug: "16:31:29 ..\..\src\propertyeditor.cpp:1508 EM: Set Notes" 
Debug: "16:31:30 ..\..\src\propertyeditor.cpp:1508 EM: Set Notes" 
Debug: "16:31:30 ..\..\src\propertyeditor.cpp:1508 EM: Set Notes" 
Debug: "16:31:30 ..\..\src\propertyeditor.cpp:1508 EM: Set Notes" 
Debug: "16:31:30 ..\..\src\propertyeditor.cpp:1508 EM: Set Notes" 
Debug: "16:31:31 ..\..\src\propertyeditor.cpp:1508 EM: Set Notes" 
Debug: "16:31:31 ..\..\src\propertyeditor.cpp:1508 EM: Set Notes" 
Debug: "16:31:31 ..\..\src\propertyeditor.cpp:1508 EM: Set Notes" 
Debug: "16:31:31 ..\..\src\propertyeditor.cpp:1508 EM: Set Notes" 
Debug: "16:31:31 ..\..\src\propertyeditor.cpp:1508 EM: Set Notes" 
Debug: "16:31:31 ..\..\src\propertyeditor.cpp:1508 EM: Set Notes" 
Debug: "16:31:32 ..\..\src\propertyeditor.cpp:1508 EM: Set Notes" 
Debug: "16:31:32 ..\..\src\propertyeditor.cpp:1508 EM: Set Notes" 
Debug: "16:31:32 ..\..\src\propertyeditor.cpp:1508 EM: Set Notes" 
Debug: "16:31:32 ..\..\src\propertyeditor.cpp:1508 EM: Set Notes" 
Debug: "16:31:32 ..\..\src\propertyeditor.cpp:1508 EM: Set Notes" 
Debug: "16:31:32 ..\..\src\propertyeditor.cpp:1508 EM: Set Notes" 
Debug: "16:31:32 ..\..\src\propertyeditor.cpp:1508 EM: Set Notes" 
Debug: "16:31:32 ..\..\src\propertyeditor.cpp:1508 EM: Set Notes" 
Debug: "16:31:32 ..\..\src\propertyeditor.cpp:1508 EM: Set Notes" 
Debug: "16:31:33 ..\..\src\propertyeditor.cpp:1508 EM: Set Notes" 
Debug: "16:31:33 ..\..\src\propertyeditor.cpp:1508 EM: Set Notes" 
Debug: "16:31:36 ..\..\src\propertyeditor.cpp:1508 EM: Set Notes" 
Debug: "16:31:38 ..\..\src\propertyeditor.cpp:1508 EM: Set Notes" 
Debug: "16:31:39 ..\..\src\propertyeditor.cpp:1508 EM: Set Notes" 
Debug: "16:31:39 ..\..\src\propertyeditor.cpp:1508 EM: Set Notes" 
Debug: "16:31:39 ..\..\src\propertyeditor.cpp:1508 EM: Set Notes" 
Debug: "16:31:39 ..\..\src\propertyeditor.cpp:1508 EM: Set Notes" 
Debug: "16:31:39 ..\..\src\propertyeditor.cpp:1508 EM: Set Notes" 
Debug: "16:31:39 ..\..\src\propertyeditor.cpp:1508 EM: Set Notes" 
Debug: "16:31:39 ..\..\src\propertyeditor.cpp:1508 EM: Set Notes" 
Debug: "16:31:40 ..\..\src\propertyeditor.cpp:1508 EM: Set Notes" 
Debug: "16:31:40 ..\..\src\propertyeditor.cpp:1508 EM: Set Notes" 
Debug: "16:31:40 ..\..\src\propertyeditor.cpp:1508 EM: Set Notes" 
Debug: "16:31:40 ..\..\src\propertyeditor.cpp:1508 EM: Set Notes" 
Debug: "16:31:40 ..\..\src\propertyeditor.cpp:1508 EM: Set Notes" 
Debug: "16:31:41 ..\..\src\propertyeditor.cpp:1508 EM: Set Notes" 
Debug: "16:31:41 ..\..\src\propertyeditor.cpp:1508 EM: Set Notes" 
Debug: "16:31:41 ..\..\src\propertyeditor.cpp:1508 EM: Set Notes" 
Debug: "16:31:41 ..\..\src\propertyeditor.cpp:1508 EM: Set Notes" 
Debug: "16:31:41 ..\..\src\propertyeditor.cpp:1508 EM: Set Notes" 
Debug: "16:31:41 ..\..\src\propertyeditor.cpp:1508 EM: Set Notes" 
Debug: "16:31:41 ..\..\src\propertyeditor.cpp:1508 EM: Set Notes" 
Debug: "16:31:41 ..\..\src\propertyeditor.cpp:1508 EM: Set Notes" 
Debug: "16:31:42 ..\..\src\propertyeditor.cpp:1508 EM: Set Notes" 
Debug: "16:31:42 ..\..\src\propertyeditor.cpp:1508 EM: Set Notes" 
Debug: "16:31:42 ..\..\src\propertyeditor.cpp:1508 EM: Set Notes" 
Debug: "16:31:42 ..\..\src\propertyeditor.cpp:1508 EM: Set Notes" 
Debug: "16:31:42 ..\..\src\propertyeditor.cpp:1508 EM: Set Notes" 
Debug: "16:31:42 ..\..\src\propertyeditor.cpp:1508 EM: Set Notes" 
Debug: "16:31:43 ..\..\src\propertyeditor.cpp:1508 EM: Set Notes" 
Debug: "16:31:43 ..\..\src\propertyeditor.cpp:1508 EM: Set Notes" 
Debug: "16:31:44 ..\..\src\propertyeditor.cpp:1508 EM: Set Notes" 
Debug: "16:31:44 ..\..\src\propertyeditor.cpp:1508 EM: Set Notes" 
Debug: "16:31:44 ..\..\src\propertyeditor.cpp:1508 EM: Set Notes" 
Debug: "16:31:44 ..\..\src\propertyeditor.cpp:1508 EM: Set Notes" 
Debug: "16:31:45 ..\..\src\propertyeditor.cpp:1508 EM: Set Notes" 
Debug: "16:31:45 ..\..\src\propertyeditor.cpp:1508 EM: Set Notes" 
Debug: "16:31:45 ..\..\src\propertyeditor.cpp:1508 EM: Set Notes" 
Debug: "16:31:45 ..\..\src\propertyeditor.cpp:1508 EM: Set Notes" 
Debug: "16:31:45 ..\..\src\propertyeditor.cpp:1508 EM: Set Notes" 
Debug: "16:31:46 ..\..\src\propertyeditor.cpp:1508 EM: Set Notes" 
Debug: "16:31:46 ..\..\src\propertyeditor.cpp:1508 EM: Set Notes" 
Debug: "16:31:51 ..\..\src\propertyeditor.cpp:1508 EM: Set Notes" 
Debug: "16:31:51 ..\..\src\propertyeditor.cpp:1508 EM: Set Notes" 
Debug: "16:31:51 ..\..\src\propertyeditor.cpp:1508 EM: Set Notes" 
Debug: "16:31:51 ..\..\src\propertyeditor.cpp:1508 EM: Set Notes" 
Debug: "16:31:54 ..\..\src\propertyeditor.cpp:1508 EM: Set Notes" 
Debug: "16:31:54 ..\..\src\propertyeditor.cpp:1508 EM: Set Notes" 
Debug: "16:31:54 ..\..\src\propertyeditor.cpp:1508 EM: Set Notes" 
Debug: "16:31:54 ..\..\src\propertyeditor.cpp:1508 EM: Set Notes" 
Debug: "16:31:55 ..\..\src\propertyeditor.cpp:1508 EM: Set Notes" 
Debug: "16:31:56 ..\..\src\propertyeditor.cpp:1508 EM: Set Notes" 
Debug: "16:31:56 ..\..\src\propertyeditor.cpp:1508 EM: Set Notes" 
Debug: "16:31:57 ..\..\src\propertyeditor.cpp:1508 EM: Set Notes" 
Debug: "16:31:57 ..\..\src\propertyeditor.cpp:1508 EM: Set Notes" 
Debug: "16:31:57 ..\..\src\propertyeditor.cpp:1508 EM: Set Notes" 
Debug: "16:32:00 ..\..\src\propertyeditor.cpp:1508 EM: Set Notes" 
Debug: "16:32:00 ..\..\src\propertyeditor.cpp:1508 EM: Set Notes" 
Debug: "16:32:00 ..\..\src\propertyeditor.cpp:1508 EM: Set Notes" 
Debug: "16:32:00 ..\..\src\propertyeditor.cpp:1508 EM: Set Notes" 
Debug: "16:32:02 ..\..\src\propertyeditor.cpp:1508 EM: Set Notes" 
Debug: "16:32:02 ..\..\src\propertyeditor.cpp:1508 EM: Set Notes" 
Debug: "16:32:02 ..\..\src\propertyeditor.cpp:1508 EM: Set Notes" 
Debug: "16:32:03 ..\..\src\propertyeditor.cpp:1508 EM: Set Notes" 
Debug: "16:32:03 ..\..\src\propertyeditor.cpp:1508 EM: Set Notes" 
Debug: "16:32:04 ..\..\src\propertyeditor.cpp:1508 EM: Set Notes" 
Debug: "16:32:04 ..\..\src\propertyeditor.cpp:1508 EM: Set Notes" 
Debug: "16:32:04 ..\..\src\propertyeditor.cpp:1508 EM: Set Notes" 
Debug: "16:32:04 ..\..\src\propertyeditor.cpp:1508 EM: Set Notes" 
Debug: "16:32:04 ..\..\src\propertyeditor.cpp:1508 EM: Set Notes" 
Debug: "16:32:04 ..\..\src\propertyeditor.cpp:1508 EM: Set Notes" 
Debug: "16:32:05 ..\..\src\propertyeditor.cpp:1508 EM: Set Notes" 
Debug: "16:32:05 ..\..\src\propertyeditor.cpp:1508 EM: Set Notes" 
Debug: "16:32:05 ..\..\src\propertyeditor.cpp:1508 EM: Set Notes" 
Debug: "16:32:05 ..\..\src\propertyeditor.cpp:1508 EM: Set Notes" 
Debug: "16:32:05 ..\..\src\propertyeditor.cpp:1508 EM: Set Notes" 
Debug: "16:32:05 ..\..\src\propertyeditor.cpp:1508 EM: Set Notes" 
Debug: "16:32:05 ..\..\src\propertyeditor.cpp:1508 EM: Set Notes" 
Debug: "16:32:05 ..\..\src\propertyeditor.cpp:1508 EM: Set Notes" 
Debug: "16:32:05 ..\..\src\propertyeditor.cpp:1508 EM: Set Notes" 
Debug: "16:32:06 ..\..\src\propertyeditor.cpp:1508 EM: Set Notes" 
Debug: "16:32:06 ..\..\src\propertyeditor.cpp:1508 EM: Set Notes" 
Debug: "16:32:06 ..\..\src\propertyeditor.cpp:1508 EM: Set Notes" 
Debug: "16:32:06 ..\..\src\propertyeditor.cpp:1508 EM: Set Notes" 
Debug: "16:32:06 ..\..\src\propertyeditor.cpp:1508 EM: Set Notes" 
Debug: "16:32:06 ..\..\src\propertyeditor.cpp:1508 EM: Set Notes" 
Debug: "16:32:07 ..\..\src\propertyeditor.cpp:1508 EM: Set Notes" 
Debug: "16:32:07 ..\..\src\propertyeditor.cpp:1508 EM: Set Notes" 
Debug: "16:32:07 ..\..\src\propertyeditor.cpp:1508 EM: Set Notes" 
Debug: "16:32:07 ..\..\src\propertyeditor.cpp:1508 EM: Set Notes" 
Debug: "16:32:07 ..\..\src\propertyeditor.cpp:1508 EM: Set Notes" 
Debug: "16:32:07 ..\..\src\propertyeditor.cpp:1508 EM: Set Notes" 
Debug: "16:32:08 ..\..\src\propertyeditor.cpp:1508 EM: Set Notes" 
Debug: "16:32:08 ..\..\src\propertyeditor.cpp:1508 EM: Set Notes" 
Debug: "16:32:08 ..\..\src\propertyeditor.cpp:1508 EM: Set Notes" 
Debug: "16:32:08 ..\..\src\propertyeditor.cpp:1508 EM: Set Notes" 
Debug: "16:32:08 ..\..\src\propertyeditor.cpp:1508 EM: Set Notes" 
Debug: "16:32:08 ..\..\src\propertyeditor.cpp:1508 EM: Set Notes" 
Debug: "16:32:09 ..\..\src\propertyeditor.cpp:1508 EM: Set Notes" 
Debug: "16:32:09 ..\..\src\propertyeditor.cpp:1508 EM: Set Notes" 
Debug: "16:32:09 ..\..\src\propertyeditor.cpp:1508 EM: Set Notes" 
Debug: "16:32:09 ..\..\src\propertyeditor.cpp:1508 EM: Set Notes" 
Debug: "16:32:09 ..\..\src\propertyeditor.cpp:1508 EM: Set Notes" 
Debug: "16:32:10 ..\..\src\propertyeditor.cpp:1508 EM: Set Notes" 
Debug: "16:32:10 ..\..\src\propertyeditor.cpp:1508 EM: Set Notes" 
Debug: "16:32:10 ..\..\src\propertyeditor.cpp:1508 EM: Set Notes" 
Debug: "16:32:10 ..\..\src\propertyeditor.cpp:1508 EM: Set Notes" 
Debug: "16:32:10 ..\..\src\propertyeditor.cpp:1508 EM: Set Notes" 
Debug: "16:32:10 ..\..\src\propertyeditor.cpp:1508 EM: Set Notes" 
Debug: "16:32:11 ..\..\src\propertyeditor.cpp:1508 EM: Set Notes" 
Debug: "16:32:11 ..\..\src\propertyeditor.cpp:1508 EM: Set Notes" 
Debug: "16:32:11 ..\..\src\propertyeditor.cpp:1508 EM: Set Notes" 
Debug: "16:32:11 ..\..\src\propertyeditor.cpp:1508 EM: Set Notes" 
Debug: "16:32:11 ..\..\src\propertyeditor.cpp:1508 EM: Set Notes" 
Debug: "16:32:12 ..\..\src\propertyeditor.cpp:1508 EM: Set Notes" 
Debug: "16:32:12 ..\..\src\propertyeditor.cpp:1508 EM: Set Notes" 
Debug: "16:32:12 ..\..\src\propertyeditor.cpp:1508 EM: Set Notes" 
Debug: "16:32:12 ..\..\src\propertyeditor.cpp:1508 EM: Set Notes" 
Debug: "16:32:12 ..\..\src\propertyeditor.cpp:1508 EM: Set Notes" 
Debug: "16:32:13 ..\..\src\propertyeditor.cpp:1508 EM: Set Notes" 
Debug: "16:32:13 ..\..\src\propertyeditor.cpp:1508 EM: Set Notes" 
Debug: "16:32:13 ..\..\src\propertyeditor.cpp:1508 EM: Set Notes" 
Debug: "16:32:13 ..\..\src\propertyeditor.cpp:1508 EM: Set Notes" 
Debug: "16:32:13 ..\..\src\propertyeditor.cpp:1508 EM: Set Notes" 
Debug: "16:32:13 ..\..\src\propertyeditor.cpp:1508 EM: Set Notes" 
Debug: "16:32:13 ..\..\src\propertyeditor.cpp:1508 EM: Set Notes" 
Debug: "16:32:14 ..\..\src\propertyeditor.cpp:1508 EM: Set Notes" 
Debug: "16:32:14 ..\..\src\propertyeditor.cpp:1508 EM: Set Notes" 
Debug: "16:32:14 ..\..\src\propertyeditor.cpp:1508 EM: Set Notes" 
Debug: "16:32:15 ..\..\src\propertyeditor.cpp:1508 EM: Set Notes" 
Debug: "16:32:15 ..\..\src\propertyeditor.cpp:1508 EM: Set Notes" 
Debug: "16:32:15 ..\..\src\propertyeditor.cpp:1508 EM: Set Notes" 
Debug: "16:32:15 ..\..\src\propertyeditor.cpp:1508 EM: Set Notes" 
Debug: "16:32:15 ..\..\src\propertyeditor.cpp:1508 EM: Set Notes" 
Debug: "16:32:15 ..\..\src\propertyeditor.cpp:1508 EM: Set Notes" 
Debug: "16:32:15 ..\..\src\propertyeditor.cpp:1508 EM: Set Notes" 
Debug: "16:32:15 ..\..\src\propertyeditor.cpp:1508 EM: Set Notes" 
Debug: "16:32:16 ..\..\src\propertyeditor.cpp:1508 EM: Set Notes" 
Debug: "16:32:16 ..\..\src\propertyeditor.cpp:1508 EM: Set Notes" 
Debug: "16:32:16 ..\..\src\propertyeditor.cpp:1508 EM: Set Notes" 
Debug: "16:32:16 ..\..\src\propertyeditor.cpp:1508 EM: Set Notes" 
Debug: "16:32:31 ..\..\src\propertyeditor.cpp:1508 EM: Set Notes" 
Debug: "16:32:31 ..\..\src\propertyeditor.cpp:1508 EM: Set Notes" 
Debug: "16:32:31 ..\..\src\propertyeditor.cpp:1508 EM: Set Notes" 
Debug: "16:32:31 ..\..\src\propertyeditor.cpp:1508 EM: Set Notes" 
Debug: "16:32:31 ..\..\src\propertyeditor.cpp:1508 EM: Set Notes" 
Debug: "16:32:31 ..\..\src\propertyeditor.cpp:1508 EM: Set Notes" 
Debug: "16:32:31 ..\..\src\propertyeditor.cpp:1508 EM: Set Notes" 
Debug: "16:32:31 ..\..\src\propertyeditor.cpp:1508 EM: Set Notes" 
Debug: "16:32:32 ..\..\src\propertyeditor.cpp:1508 EM: Set Notes" 
Debug: "16:32:32 ..\..\src\propertyeditor.cpp:1508 EM: Set Notes" 
Debug: "16:32:32 ..\..\src\propertyeditor.cpp:1508 EM: Set Notes" 
Debug: "16:32:32 ..\..\src\propertyeditor.cpp:1508 EM: Set Notes" 
Debug: "16:32:32 ..\..\src\propertyeditor.cpp:1508 EM: Set Notes" 
Debug: "16:32:32 ..\..\src\propertyeditor.cpp:1508 EM: Set Notes" 
Debug: "16:32:32 ..\..\src\propertyeditor.cpp:1508 EM: Set Notes" 
Debug: "16:32:33 ..\..\src\propertyeditor.cpp:1508 EM: Set Notes" 
Debug: "16:32:33 ..\..\src\propertyeditor.cpp:1508 EM: Set Notes" 
Debug: "16:32:33 ..\..\src\propertyeditor.cpp:1508 EM: Set Notes" 
Debug: "16:32:33 ..\..\src\propertyeditor.cpp:1508 EM: Set Notes" 
Debug: "16:32:33 ..\..\src\propertyeditor.cpp:1508 EM: Set Notes" 
Debug: "16:32:33 ..\..\src\propertyeditor.cpp:1508 EM: Set Notes" 
Debug: "16:32:34 ..\..\src\propertyeditor.cpp:1508 EM: Set Notes" 
Debug: "16:32:34 ..\..\src\propertyeditor.cpp:1508 EM: Set Notes" 
Debug: "16:32:34 ..\..\src\propertyeditor.cpp:1508 EM: Set Notes" 
Debug: "16:32:35 ..\..\src\propertyeditor.cpp:1508 EM: Set Notes" 
Debug: "16:32:35 ..\..\src\propertyeditor.cpp:1508 EM: Set Notes" 
Debug: "16:32:35 ..\..\src\propertyeditor.cpp:1508 EM: Set Notes" 
Debug: "16:32:35 ..\..\src\propertyeditor.cpp:1508 EM: Set Notes" 
Debug: "16:32:36 ..\..\src\propertyeditor.cpp:1508 EM: Set Notes" 
Debug: "16:32:36 ..\..\src\propertyeditor.cpp:1508 EM: Set Notes" 
Debug: "16:32:36 ..\..\src\propertyeditor.cpp:1508 EM: Set Notes" 
Debug: "16:32:36 ..\..\src\propertyeditor.cpp:1508 EM: Set Notes" 
Debug: "16:32:36 ..\..\src\propertyeditor.cpp:1508 EM: Set Notes" 
Debug: "16:32:36 ..\..\src\propertyeditor.cpp:1508 EM: Set Notes" 
Debug: "16:32:36 ..\..\src\propertyeditor.cpp:1508 EM: Set Notes" 
Debug: "16:32:36 ..\..\src\propertyeditor.cpp:1508 EM: Set Notes" 
Debug: "16:32:37 ..\..\src\propertyeditor.cpp:1508 EM: Set Notes" 
Debug: "16:32:37 ..\..\src\propertyeditor.cpp:1508 EM: Set Notes" 
Debug: "16:32:37 ..\..\src\propertyeditor.cpp:1508 EM: Set Notes" 
Debug: "16:32:40 ..\..\src\propertyeditor.cpp:1508 EM: Set Notes" 
Debug: "16:32:47 ..\..\src\propertyeditor.cpp:1508 EM: Set Notes" 
Debug: "16:32:48 ..\..\src\propertyeditor.cpp:1508 EM: Set Notes" 
Debug: "16:32:48 ..\..\src\propertyeditor.cpp:1508 EM: Set Notes" 
Debug: "16:32:48 ..\..\src\propertyeditor.cpp:1508 EM: Set Notes" 
Debug: "16:32:49 ..\..\src\propertyeditor.cpp:1508 EM: Set Notes" 
Debug: "16:32:49 ..\..\src\propertyeditor.cpp:1508 EM: Set Notes" 
Debug: "16:32:49 ..\..\src\propertyeditor.cpp:1508 EM: Set Notes" 
Debug: "16:32:49 ..\..\src\propertyeditor.cpp:1508 EM: Set Notes" 
Debug: "16:32:57 ..\..\src\propertyeditor.cpp:8870 EU: Toggle Property Inclusion In Template" 
Debug: "16:32:59 ..\..\src\propertyeditor.cpp:1508 EM: Set Notes" 
Debug: "16:32:59 ..\..\src\propertyeditor.cpp:1508 EM: Set Notes" 
Debug: "16:32:59 ..\..\src\propertyeditor.cpp:1508 EM: Set Notes" 
Debug: "16:32:59 ..\..\src\propertyeditor.cpp:1508 EM: Set Notes" 
Debug: "16:32:59 ..\..\src\propertyeditor.cpp:1508 EM: Set Notes" 
Debug: "16:32:59 ..\..\src\propertyeditor.cpp:1508 EM: Set Notes" 
Debug: "16:32:59 ..\..\src\propertyeditor.cpp:1508 EM: Set Notes" 
Debug: "16:33:00 ..\..\src\propertyeditor.cpp:1508 EM: Set Notes" 
Debug: "16:33:00 ..\..\src\propertyeditor.cpp:1508 EM: Set Notes" 
Debug: "16:33:00 ..\..\src\propertyeditor.cpp:1508 EM: Set Notes" 
Debug: "16:33:00 ..\..\src\propertyeditor.cpp:1508 EM: Set Notes" 
Debug: "16:33:00 ..\..\src\propertyeditor.cpp:1508 EM: Set Notes" 
Debug: "16:33:00 ..\..\src\propertyeditor.cpp:1508 EM: Set Notes" 
Debug: "16:33:00 ..\..\src\propertyeditor.cpp:1508 EM: Set Notes" 
Debug: "16:33:01 ..\..\src\propertyeditor.cpp:1508 EM: Set Notes" 
Debug: "16:33:01 ..\..\src\propertyeditor.cpp:1508 EM: Set Notes" 
Debug: "16:33:01 ..\..\src\propertyeditor.cpp:1508 EM: Set Notes" 
Debug: "16:33:01 ..\..\src\propertyeditor.cpp:1508 EM: Set Notes" 
Debug: "16:33:01 ..\..\src\propertyeditor.cpp:1508 EM: Set Notes" 
Debug: "16:33:01 ..\..\src\propertyeditor.cpp:1508 EM: Set Notes" 
Debug: "16:33:01 ..\..\src\propertyeditor.cpp:1508 EM: Set Notes" 
Debug: "16:33:01 ..\..\src\propertyeditor.cpp:1508 EM: Set Notes" 
Debug: "16:33:02 ..\..\src\propertyeditor.cpp:1508 EM: Set Notes" 
Debug: "16:33:02 ..\..\src\propertyeditor.cpp:1508 EM: Set Notes" 
Debug: "16:33:02 ..\..\src\propertyeditor.cpp:1508 EM: Set Notes" 
Debug: "16:33:02 ..\..\src\propertyeditor.cpp:1508 EM: Set Notes" 
Debug: "16:33:03 ..\..\src\propertyeditor.cpp:1508 EM: Set Notes" 
Debug: "16:33:03 ..\..\src\propertyeditor.cpp:1508 EM: Set Notes" 
Debug: "16:33:03 ..\..\src\propertyeditor.cpp:1508 EM: Set Notes" 
Debug: "16:33:03 ..\..\src\propertyeditor.cpp:1508 EM: Set Notes" 
Debug: "16:33:03 ..\..\src\propertyeditor.cpp:1508 EM: Set Notes" 
Debug: "16:33:03 ..\..\src\propertyeditor.cpp:1508 EM: Set Notes" 
Debug: "16:33:03 ..\..\src\propertyeditor.cpp:1508 EM: Set Notes" 
Debug: "16:33:04 ..\..\src\propertyeditor.cpp:1508 EM: Set Notes" 
Debug: "16:33:04 ..\..\src\propertyeditor.cpp:1508 EM: Set Notes" 
Debug: "16:33:04 ..\..\src\propertyeditor.cpp:1508 EM: Set Notes" 
Debug: "16:33:04 ..\..\src\propertyeditor.cpp:1508 EM: Set Notes" 
Debug: "16:33:04 ..\..\src\propertyeditor.cpp:1508 EM: Set Notes" 
Debug: "16:33:04 ..\..\src\propertyeditor.cpp:1508 EM: Set Notes" 
Debug: "16:33:04 ..\..\src\propertyeditor.cpp:1508 EM: Set Notes" 
Debug: "16:33:04 ..\..\src\propertyeditor.cpp:1508 EM: Set Notes" 
Debug: "16:33:04 ..\..\src\propertyeditor.cpp:1508 EM: Set Notes" 
Debug: "16:33:05 ..\..\src\propertyeditor.cpp:1508 EM: Set Notes" 
Debug: "16:33:05 ..\..\src\propertyeditor.cpp:1508 EM: Set Notes" 
Debug: "16:33:06 ..\..\src\propertyeditor.cpp:1508 EM: Set Notes" 
Debug: "16:33:06 ..\..\src\propertyeditor.cpp:1508 EM: Set Notes" 
Debug: "16:33:06 ..\..\src\propertyeditor.cpp:1508 EM: Set Notes" 
Debug: "16:33:06 ..\..\src\propertyeditor.cpp:1508 EM: Set Notes" 
Debug: "16:33:06 ..\..\src\propertyeditor.cpp:1508 EM: Set Notes" 
Debug: "16:33:06 ..\..\src\propertyeditor.cpp:1508 EM: Set Notes" 
Debug: "16:33:06 ..\..\src\propertyeditor.cpp:1508 EM: Set Notes" 
Debug: "16:33:07 ..\..\src\propertyeditor.cpp:1508 EM: Set Notes" 
Debug: "16:33:07 ..\..\src\propertyeditor.cpp:1508 EM: Set Notes" 
Debug: "16:33:07 ..\..\src\propertyeditor.cpp:1508 EM: Set Notes" 
Debug: "16:33:08 ..\..\src\propertyeditor.cpp:1508 EM: Set Notes" 
Debug: "16:33:08 ..\..\src\propertyeditor.cpp:1508 EM: Set Notes" 
Debug: "16:33:08 ..\..\src\propertyeditor.cpp:1508 EM: Set Notes" 
Debug: "16:33:08 ..\..\src\propertyeditor.cpp:1508 EM: Set Notes" 
Debug: "16:33:08 ..\..\src\propertyeditor.cpp:1508 EM: Set Notes" 
Debug: "16:33:08 ..\..\src\propertyeditor.cpp:1508 EM: Set Notes" 
Debug: "16:33:08 ..\..\src\propertyeditor.cpp:1508 EM: Set Notes" 
Debug: "16:33:08 ..\..\src\propertyeditor.cpp:1508 EM: Set Notes" 
Debug: "16:33:08 ..\..\src\propertyeditor.cpp:1508 EM: Set Notes" 
Debug: "16:33:09 ..\..\src\propertyeditor.cpp:1508 EM: Set Notes" 
Debug: "16:33:09 ..\..\src\propertyeditor.cpp:1508 EM: Set Notes" 
Debug: "16:33:09 ..\..\src\propertyeditor.cpp:1508 EM: Set Notes" 
Debug: "16:33:09 ..\..\src\propertyeditor.cpp:1508 EM: Set Notes" 
Debug: "16:33:09 ..\..\src\propertyeditor.cpp:1508 EM: Set Notes" 
Debug: "16:33:09 ..\..\src\propertyeditor.cpp:1508 EM: Set Notes" 
Debug: "16:33:09 ..\..\src\propertyeditor.cpp:1508 EM: Set Notes" 
Debug: "16:33:10 ..\..\src\propertyeditor.cpp:1508 EM: Set Notes" 
Debug: "16:33:10 ..\..\src\propertyeditor.cpp:1508 EM: Set Notes" 
Debug: "16:33:12 ..\..\src\propertyeditor.cpp:1508 EM: Set Notes" 
Debug: "16:33:12 ..\..\src\propertyeditor.cpp:1508 EM: Set Notes" 
Debug: "16:33:12 ..\..\src\propertyeditor.cpp:1508 EM: Set Notes" 
Debug: "16:33:12 ..\..\src\propertyeditor.cpp:1508 EM: Set Notes" 
Debug: "16:33:12 ..\..\src\propertyeditor.cpp:1508 EM: Set Notes" 
Debug: "16:33:13 ..\..\src\propertyeditor.cpp:1508 EM: Set Notes" 
Debug: "16:33:13 ..\..\src\propertyeditor.cpp:1508 EM: Set Notes" 
Debug: "16:33:13 ..\..\src\propertyeditor.cpp:1508 EM: Set Notes" 
Debug: "16:33:13 ..\..\src\propertyeditor.cpp:1508 EM: Set Notes" 
Debug: "16:33:13 ..\..\src\propertyeditor.cpp:1508 EM: Set Notes" 
Debug: "16:33:13 ..\..\src\propertyeditor.cpp:1508 EM: Set Notes" 
Debug: "16:33:13 ..\..\src\propertyeditor.cpp:1508 EM: Set Notes" 
Debug: "16:33:13 ..\..\src\propertyeditor.cpp:1508 EM: Set Notes" 
Debug: "16:33:14 ..\..\src\propertyeditor.cpp:1508 EM: Set Notes" 
Debug: "16:33:14 ..\..\src\propertyeditor.cpp:1508 EM: Set Notes" 
Debug: "16:33:14 ..\..\src\propertyeditor.cpp:1508 EM: Set Notes" 
Debug: "16:33:14 ..\..\src\propertyeditor.cpp:1508 EM: Set Notes" 
Debug: "16:33:14 ..\..\src\propertyeditor.cpp:1508 EM: Set Notes" 
Debug: "16:33:14 ..\..\src\propertyeditor.cpp:1508 EM: Set Notes" 
Debug: "16:33:15 ..\..\src\propertyeditor.cpp:1508 EM: Set Notes" 
Debug: "16:33:15 ..\..\src\propertyeditor.cpp:1508 EM: Set Notes" 
Debug: "16:33:15 ..\..\src\propertyeditor.cpp:1508 EM: Set Notes" 
Debug: "16:33:15 ..\..\src\propertyeditor.cpp:1508 EM: Set Notes" 
Debug: "16:33:15 ..\..\src\propertyeditor.cpp:1508 EM: Set Notes" 
Debug: "16:33:16 ..\..\src\propertyeditor.cpp:1508 EM: Set Notes" 
Debug: "16:33:16 ..\..\src\propertyeditor.cpp:1508 EM: Set Notes" 
Debug: "16:33:16 ..\..\src\propertyeditor.cpp:1508 EM: Set Notes" 
Debug: "16:33:16 ..\..\src\propertyeditor.cpp:1508 EM: Set Notes" 
Debug: "16:33:16 ..\..\src\propertyeditor.cpp:1508 EM: Set Notes" 
Debug: "16:33:16 ..\..\src\propertyeditor.cpp:1508 EM: Set Notes" 
Debug: "16:33:17 ..\..\src\propertyeditor.cpp:1508 EM: Set Notes" 
Debug: "16:33:17 ..\..\src\propertyeditor.cpp:1508 EM: Set Notes" 
Debug: "16:33:17 ..\..\src\propertyeditor.cpp:1508 EM: Set Notes" 
Debug: "16:33:17 ..\..\src\propertyeditor.cpp:1508 EM: Set Notes" 
Debug: "16:33:17 ..\..\src\propertyeditor.cpp:1508 EM: Set Notes" 
Debug: "16:33:17 ..\..\src\propertyeditor.cpp:1508 EM: Set Notes" 
Debug: "16:33:17 ..\..\src\propertyeditor.cpp:1508 EM: Set Notes" 
Debug: "16:33:17 ..\..\src\propertyeditor.cpp:1508 EM: Set Notes" 
Debug: "16:33:18 ..\..\src\propertyeditor.cpp:1508 EM: Set Notes" 
Debug: "16:33:18 ..\..\src\propertyeditor.cpp:1508 EM: Set Notes" 
Debug: "16:33:19 ..\..\src\propertyeditor.cpp:1508 EM: Set Notes" 
Debug: "16:33:33 ..\..\src\propertyslider.cpp:315 EV: Set Pitch Randomization" 
Debug: "16:33:33 ..\..\src\propertyslider.cpp:315 EV: Set Pitch Randomization" 
Debug: "16:33:40 ..\..\src\propertyeditor.cpp:8870 EU: Toggle Property Inclusion In Template" 
Debug: "16:33:42 ..\..\src\propertyeditor.cpp:1508 EM: Set Notes" 
Debug: "16:33:42 ..\..\src\propertyeditor.cpp:1508 EM: Set Notes" 
Debug: "16:33:42 ..\..\src\propertyeditor.cpp:1508 EM: Set Notes" 
Debug: "16:33:42 ..\..\src\propertyeditor.cpp:1508 EM: Set Notes" 
Debug: "16:33:42 ..\..\src\propertyeditor.cpp:1508 EM: Set Notes" 
Debug: "16:33:42 ..\..\src\propertyeditor.cpp:1508 EM: Set Notes" 
Debug: "16:33:42 ..\..\src\propertyeditor.cpp:1508 EM: Set Notes" 
Debug: "16:33:42 ..\..\src\propertyeditor.cpp:1508 EM: Set Notes" 
Debug: "16:33:43 ..\..\src\propertyeditor.cpp:1508 EM: Set Notes" 
Debug: "16:33:43 ..\..\src\propertyeditor.cpp:1508 EM: Set Notes" 
Debug: "16:33:43 ..\..\src\propertyeditor.cpp:1508 EM: Set Notes" 
Debug: "16:33:43 ..\..\src\propertyeditor.cpp:1508 EM: Set Notes" 
Debug: "16:33:44 ..\..\src\propertyeditor.cpp:1508 EM: Set Notes" 
Debug: "16:33:44 ..\..\src\propertyeditor.cpp:1508 EM: Set Notes" 
Debug: "16:33:44 ..\..\src\propertyeditor.cpp:1508 EM: Set Notes" 
Debug: "16:33:44 ..\..\src\propertyeditor.cpp:1508 EM: Set Notes" 
Debug: "16:33:44 ..\..\src\propertyeditor.cpp:1508 EM: Set Notes" 
Debug: "16:33:44 ..\..\src\propertyeditor.cpp:1508 EM: Set Notes" 
Debug: "16:33:44 ..\..\src\propertyeditor.cpp:1508 EM: Set Notes" 
Debug: "16:33:44 ..\..\src\propertyeditor.cpp:1508 EM: Set Notes" 
Debug: "16:33:44 ..\..\src\propertyeditor.cpp:1508 EM: Set Notes" 
Debug: "16:33:45 ..\..\src\propertyeditor.cpp:1508 EM: Set Notes" 
Debug: "16:33:46 ..\..\src\propertyeditor.cpp:1508 EM: Set Notes" 
Debug: "16:33:46 ..\..\src\propertyeditor.cpp:1508 EM: Set Notes" 
Debug: "16:33:46 ..\..\src\propertyeditor.cpp:1508 EM: Set Notes" 
Debug: "16:33:46 ..\..\src\propertyeditor.cpp:1508 EM: Set Notes" 
Debug: "16:33:46 ..\..\src\propertyeditor.cpp:1508 EM: Set Notes" 
Debug: "16:33:47 ..\..\src\propertyeditor.cpp:1508 EM: Set Notes" 
Debug: "16:33:47 ..\..\src\propertyeditor.cpp:1508 EM: Set Notes" 
Debug: "16:33:47 ..\..\src\propertyeditor.cpp:1508 EM: Set Notes" 
Debug: "16:33:47 ..\..\src\propertyeditor.cpp:1508 EM: Set Notes" 
Debug: "16:33:47 ..\..\src\propertyeditor.cpp:1508 EM: Set Notes" 
Debug: "16:33:47 ..\..\src\propertyeditor.cpp:1508 EM: Set Notes" 
Debug: "16:33:47 ..\..\src\propertyeditor.cpp:1508 EM: Set Notes" 
Debug: "16:33:48 ..\..\src\propertyeditor.cpp:1508 EM: Set Notes" 
Debug: "16:33:48 ..\..\src\propertyeditor.cpp:1508 EM: Set Notes" 
Debug: "16:33:48 ..\..\src\propertyeditor.cpp:1508 EM: Set Notes" 
Debug: "16:33:48 ..\..\src\propertyeditor.cpp:1508 EM: Set Notes" 
Debug: "16:33:48 ..\..\src\propertyeditor.cpp:1508 EM: Set Notes" 
Debug: "16:33:48 ..\..\src\propertyeditor.cpp:1508 EM: Set Notes" 
Debug: "16:33:48 ..\..\src\propertyeditor.cpp:1508 EM: Set Notes" 
Debug: "16:33:48 ..\..\src\propertyeditor.cpp:1508 EM: Set Notes" 
Debug: "16:33:49 ..\..\src\propertyeditor.cpp:1508 EM: Set Notes" 
Debug: "16:33:49 ..\..\src\propertyeditor.cpp:1508 EM: Set Notes" 
Debug: "16:33:49 ..\..\src\propertyeditor.cpp:1508 EM: Set Notes" 
Debug: "16:33:49 ..\..\src\propertyeditor.cpp:1508 EM: Set Notes" 
Debug: "16:33:49 ..\..\src\propertyeditor.cpp:1508 EM: Set Notes" 
Debug: "16:33:49 ..\..\src\propertyeditor.cpp:1508 EM: Set Notes" 
Debug: "16:33:49 ..\..\src\propertyeditor.cpp:1508 EM: Set Notes" 
Debug: "16:33:49 ..\..\src\propertyeditor.cpp:1508 EM: Set Notes" 
Debug: "16:33:50 ..\..\src\propertyeditor.cpp:1508 EM: Set Notes" 
Debug: "16:33:50 ..\..\src\propertyeditor.cpp:1508 EM: Set Notes" 
Debug: "16:33:50 ..\..\src\propertyeditor.cpp:1508 EM: Set Notes" 
Debug: "16:33:50 ..\..\src\propertyeditor.cpp:1508 EM: Set Notes" 
Debug: "16:33:50 ..\..\src\propertyeditor.cpp:1508 EM: Set Notes" 
Debug: "16:33:50 ..\..\src\propertyeditor.cpp:1508 EM: Set Notes" 
Debug: "16:33:51 ..\..\src\propertyeditor.cpp:1508 EM: Set Notes" 
Debug: "16:33:51 ..\..\src\propertyeditor.cpp:1508 EM: Set Notes" 
Debug: "16:33:51 ..\..\src\propertyeditor.cpp:1508 EM: Set Notes" 
Debug: "16:33:51 ..\..\src\propertyeditor.cpp:1508 EM: Set Notes" 
Debug: "16:33:51 ..\..\src\propertyeditor.cpp:1508 EM: Set Notes" 
Debug: "16:33:52 ..\..\src\propertyeditor.cpp:1508 EM: Set Notes" 
Debug: "16:33:52 ..\..\src\propertyeditor.cpp:1508 EM: Set Notes" 
Debug: "16:33:52 ..\..\src\propertyeditor.cpp:1508 EM: Set Notes" 
Debug: "16:33:52 ..\..\src\propertyeditor.cpp:1508 EM: Set Notes" 
Debug: "16:33:52 ..\..\src\propertyeditor.cpp:1508 EM: Set Notes" 
Debug: "16:33:52 ..\..\src\propertyeditor.cpp:1508 EM: Set Notes" 
Debug: "16:33:52 ..\..\src\propertyeditor.cpp:1508 EM: Set Notes" 
Debug: "16:33:52 ..\..\src\propertyeditor.cpp:1508 EM: Set Notes" 
Debug: "16:33:53 ..\..\src\propertyeditor.cpp:1508 EM: Set Notes" 
Debug: "16:33:53 ..\..\src\propertyeditor.cpp:1508 EM: Set Notes" 
Debug: "16:33:53 ..\..\src\propertyeditor.cpp:1508 EM: Set Notes" 
Debug: "16:33:53 ..\..\src\propertyeditor.cpp:1508 EM: Set Notes" 
Debug: "16:33:54 ..\..\src\propertyeditor.cpp:1508 EM: Set Notes" 
Debug: "16:33:55 ..\..\src\propertyeditor.cpp:1508 EM: Set Notes" 
Debug: "16:33:55 ..\..\src\propertyeditor.cpp:1508 EM: Set Notes" 
Debug: "16:33:55 ..\..\src\propertyeditor.cpp:1508 EM: Set Notes" 
Debug: "16:33:55 ..\..\src\propertyeditor.cpp:1508 EM: Set Notes" 
Debug: "16:33:56 ..\..\src\propertyeditor.cpp:1508 EM: Set Notes" 
Debug: "16:33:56 ..\..\src\propertyeditor.cpp:1508 EM: Set Notes" 
Debug: "16:33:56 ..\..\src\propertyeditor.cpp:1508 EM: Set Notes" 
Debug: "16:33:58 ..\..\src\propertyeditor.cpp:1508 EM: Set Notes" 
Debug: "16:33:58 ..\..\src\propertyeditor.cpp:1508 EM: Set Notes" 
Debug: "16:33:58 ..\..\src\propertyeditor.cpp:1508 EM: Set Notes" 
Debug: "16:33:58 ..\..\src\propertyeditor.cpp:1508 EM: Set Notes" 
Debug: "16:33:58 ..\..\src\propertyeditor.cpp:1508 EM: Set Notes" 
Debug: "16:33:58 ..\..\src\propertyeditor.cpp:1508 EM: Set Notes" 
Debug: "16:33:59 ..\..\src\propertyeditor.cpp:1508 EM: Set Notes" 
Debug: "16:33:59 ..\..\src\propertyeditor.cpp:1508 EM: Set Notes" 
Debug: "16:33:59 ..\..\src\propertyeditor.cpp:1508 EM: Set Notes" 
Debug: "16:33:59 ..\..\src\propertyeditor.cpp:1508 EM: Set Notes" 
Debug: "16:33:59 ..\..\src\propertyeditor.cpp:1508 EM: Set Notes" 
Debug: "16:33:59 ..\..\src\propertyeditor.cpp:1508 EM: Set Notes" 
Debug: "16:34:00 ..\..\src\propertyeditor.cpp:1508 EM: Set Notes" 
Debug: "16:34:00 ..\..\src\propertyeditor.cpp:1508 EM: Set Notes" 
Debug: "16:34:01 ..\..\src\propertyeditor.cpp:1508 EM: Set Notes" 
Debug: "16:34:01 ..\..\src\propertyeditor.cpp:1508 EM: Set Notes" 
Debug: "16:34:01 ..\..\src\propertyeditor.cpp:1508 EM: Set Notes" 
Debug: "16:34:02 ..\..\src\propertyeditor.cpp:1508 EM: Set Notes" 
Debug: "16:34:02 ..\..\src\propertyeditor.cpp:1508 EM: Set Notes" 
Debug: "16:34:03 ..\..\src\propertyeditor.cpp:1508 EM: Set Notes" 
Debug: "16:34:05 ..\..\src\propertyeditor.cpp:1508 EM: Set Notes" 
Debug: "16:34:05 ..\..\src\propertyeditor.cpp:1508 EM: Set Notes" 
Debug: "16:34:05 ..\..\src\propertyeditor.cpp:1508 EM: Set Notes" 
Debug: "16:34:05 ..\..\src\propertyeditor.cpp:1508 EM: Set Notes" 
Debug: "16:34:05 ..\..\src\propertyeditor.cpp:1508 EM: Set Notes" 
Debug: "16:34:05 ..\..\src\propertyeditor.cpp:1508 EM: Set Notes" 
Debug: "16:34:05 ..\..\src\propertyeditor.cpp:1508 EM: Set Notes" 
Debug: "16:34:05 ..\..\src\propertyeditor.cpp:1508 EM: Set Notes" 
Debug: "16:34:05 ..\..\src\propertyeditor.cpp:1508 EM: Set Notes" 
Debug: "16:34:05 ..\..\src\propertyeditor.cpp:1508 EM: Set Notes" 
Debug: "16:34:05 ..\..\src\propertyeditor.cpp:1508 EM: Set Notes" 
Debug: "16:34:05 ..\..\src\propertyeditor.cpp:1508 EM: Set Notes" 
Debug: "16:34:05 ..\..\src\propertyeditor.cpp:1508 EM: Set Notes" 
Debug: "16:34:06 ..\..\src\propertyeditor.cpp:1508 EM: Set Notes" 
Debug: "16:34:06 ..\..\src\propertyeditor.cpp:1508 EM: Set Notes" 
Debug: "16:34:06 ..\..\src\propertyeditor.cpp:1508 EM: Set Notes" 
Debug: "16:34:06 ..\..\src\propertyeditor.cpp:1508 EM: Set Notes" 
Debug: "16:34:06 ..\..\src\propertyeditor.cpp:1508 EM: Set Notes" 
Debug: "16:34:06 ..\..\src\propertyeditor.cpp:1508 EM: Set Notes" 
Debug: "16:34:06 ..\..\src\propertyeditor.cpp:1508 EM: Set Notes" 
Debug: "16:34:06 ..\..\src\propertyeditor.cpp:1508 EM: Set Notes" 
Debug: "16:34:06 ..\..\src\propertyeditor.cpp:1508 EM: Set Notes" 
Debug: "16:34:06 ..\..\src\propertyeditor.cpp:1508 EM: Set Notes" 
Debug: "16:34:06 ..\..\src\propertyeditor.cpp:1508 EM: Set Notes" 
Debug: "16:34:06 ..\..\src\propertyeditor.cpp:1508 EM: Set Notes" 
Debug: "16:34:06 ..\..\src\propertyeditor.cpp:1508 EM: Set Notes" 
Debug: "16:34:06 ..\..\src\propertyeditor.cpp:1508 EM: Set Notes" 
Debug: "16:34:06 ..\..\src\propertyeditor.cpp:1508 EM: Set Notes" 
Debug: "16:34:06 ..\..\src\propertyeditor.cpp:1508 EM: Set Notes" 
Debug: "16:34:06 ..\..\src\propertyeditor.cpp:1508 EM: Set Notes" 
Debug: "16:34:06 ..\..\src\propertyeditor.cpp:1508 EM: Set Notes" 
Debug: "16:34:06 ..\..\src\propertyeditor.cpp:1508 EM: Set Notes" 
Debug: "16:34:06 ..\..\src\propertyeditor.cpp:1508 EM: Set Notes" 
Debug: "16:34:06 ..\..\src\propertyeditor.cpp:1508 EM: Set Notes" 
Debug: "16:34:06 ..\..\src\propertyeditor.cpp:1508 EM: Set Notes" 
Debug: "16:34:06 ..\..\src\propertyeditor.cpp:1508 EM: Set Notes" 
Debug: "16:34:06 ..\..\src\propertyeditor.cpp:1508 EM: Set Notes" 
Debug: "16:34:06 ..\..\src\propertyeditor.cpp:1508 EM: Set Notes" 
Debug: "16:34:06 ..\..\src\propertyeditor.cpp:1508 EM: Set Notes" 
Debug: "16:34:06 ..\..\src\propertyeditor.cpp:1508 EM: Set Notes" 
Debug: "16:34:06 ..\..\src\propertyeditor.cpp:1508 EM: Set Notes" 
Debug: "16:34:07 ..\..\src\propertyeditor.cpp:1508 EM: Set Notes" 
Debug: "16:34:07 ..\..\src\propertyeditor.cpp:1508 EM: Set Notes" 
Debug: "16:34:07 ..\..\src\propertyeditor.cpp:1508 EM: Set Notes" 
Debug: "16:34:07 ..\..\src\propertyeditor.cpp:1508 EM: Set Notes" 
Debug: "16:34:07 ..\..\src\propertyeditor.cpp:1508 EM: Set Notes" 
Debug: "16:34:07 ..\..\src\propertyeditor.cpp:1508 EM: Set Notes" 
Debug: "16:34:07 ..\..\src\propertyeditor.cpp:1508 EM: Set Notes" 
Debug: "16:34:07 ..\..\src\propertyeditor.cpp:1508 EM: Set Notes" 
Debug: "16:34:07 ..\..\src\propertyeditor.cpp:1508 EM: Set Notes" 
Debug: "16:34:07 ..\..\src\propertyeditor.cpp:1508 EM: Set Notes" 
Debug: "16:34:07 ..\..\src\propertyeditor.cpp:1508 EM: Set Notes" 
Debug: "16:34:07 ..\..\src\propertyeditor.cpp:1508 EM: Set Notes" 
Debug: "16:34:07 ..\..\src\propertyeditor.cpp:1508 EM: Set Notes" 
Debug: "16:34:07 ..\..\src\propertyeditor.cpp:1508 EM: Set Notes" 
Debug: "16:34:07 ..\..\src\propertyeditor.cpp:1508 EM: Set Notes" 
Debug: "16:34:07 ..\..\src\propertyeditor.cpp:1508 EM: Set Notes" 
Debug: "16:34:07 ..\..\src\propertyeditor.cpp:1508 EM: Set Notes" 
Debug: "16:34:07 ..\..\src\propertyeditor.cpp:1508 EM: Set Notes" 
Debug: "16:34:07 ..\..\src\propertyeditor.cpp:1508 EM: Set Notes" 
Debug: "16:34:07 ..\..\src\propertyeditor.cpp:1508 EM: Set Notes" 
Debug: "16:34:07 ..\..\src\propertyeditor.cpp:1508 EM: Set Notes" 
Debug: "16:34:07 ..\..\src\propertyeditor.cpp:1508 EM: Set Notes" 
Debug: "16:34:07 ..\..\src\propertyeditor.cpp:1508 EM: Set Notes" 
Debug: "16:34:07 ..\..\src\propertyeditor.cpp:1508 EM: Set Notes" 
Debug: "16:34:07 ..\..\src\propertyeditor.cpp:1508 EM: Set Notes" 
Debug: "16:34:07 ..\..\src\propertyeditor.cpp:1508 EM: Set Notes" 
Debug: "16:34:07 ..\..\src\propertyeditor.cpp:1508 EM: Set Notes" 
Debug: "16:34:07 ..\..\src\propertyeditor.cpp:1508 EM: Set Notes" 
Debug: "16:34:08 ..\..\src\propertyeditor.cpp:1508 EM: Set Notes" 
Debug: "16:34:40 ..\..\src\propertyeditor.cpp:1865 GU: Set Notes" 
Debug: "16:34:44 ..\..\src\propertyeditor.cpp:2619 EO: Set Pitch Randomization" 
Debug: "16:35:04 ..\..\src\propertyeditor.cpp:1865 GU: Set Notes" 
